<?xml version="1.0" encoding="UTF-8"?>
<!-- Generated by org.testng.reporters.JUnitReportReporter -->
<testsuite hostname="LAPTOP-TVBACTPP" failures="0" tests="3" name="com.edusoln.runner.TestNGRunner" time="154.229" errors="0" timestamp="2022-12-24T18:24:25 IST" skipped="0">
  <testcase classname="com.edusoln.runner.TestNGRunner" name="testcase" time="54.054"/>
  <system-out/>
  <testcase classname="com.edusoln.runner.TestNGRunner" name="testcase" time="48.443"/>
  <system-out/>
  <testcase classname="com.edusoln.runner.TestNGRunner" name="testcase" time="51.732"/>
  <system-out/>
</testsuite> <!-- com.edusoln.runner.TestNGRunner -->
